<?xml version="1.0" encoding="UTF-8"?>
<testsuite name="org.example.MainTest" tests="1" skipped="0" failures="0" errors="0" timestamp="2022-05-09T11:39:12" hostname="Safias-MacBook-Pro.local" time="0.019">
  <properties/>
  <testcase name="helloWorld()" classname="org.example.MainTest" time="0.019"/>
  <system-out><![CDATA[]]></system-out>
  <system-err><![CDATA[]]></system-err>
</testsuite>
